Servidor funcionando en http://localhost:3000
Endpoint para guardar: POST http://localhost:3000/api/guardar-perfil
Endpoint para verificar: GET http://localhost:3000/api/verificar-datos
Conectado a SQLite correctamente
Tabla "usuarios" verificada/creada
Conectado a SQLite correctamente con better-sqlite3
Tablas "usuarios" y "EduExpHab" verificadas/creadas
Servidor funcionando en http://localhost:3000
Endpoint para guardar: POST http://localhost:3000/api/guardar-perfil
Endpoint para verificar: GET http://localhost:3000/api/verificar-datos
Conectado a SQLite correctamente con better-sqlite3
Tablas "usuarios" y "EduExpHab" verificadas/creadas
Servidor funcionando en http://localhost:3000
Endpoint para guardar: POST http://localhost:3000/api/guardar-perfil
Endpoint para verificar: GET http://localhost:3000/api/verificar-datos
Conectado a SQLite correctamente con better-sqlite3
Tablas "usuarios" y "EduExpHab" verificadas/creadas
Servidor funcionando en
Endpoint para guardar: POST /api/guardar-perfil
Endpoint para verificar: GET /api/verificar-datos
Servidor funcionando en puerto 3000
- Local: http://localhost:3000
- Remoto: https://iw-recoleccion.onrender.com
Endpoint para guardar: POST /api/guardar-perfil
Servidor funcionando en puerto 3000
- Local: http://localhost:3000
- Remoto: https://iw-recoleccion.onrender.com
Endpoint para guardar: POST /api/guardar-perfil
Servidor funcionando en puerto 3000
- Local: http://localhost:3000
- Remoto: https://iw-recoleccion.onrender.com
Endpoint para guardar: POST /api/guardar-perfil
